<?xml version="1.0" encoding="UTF-8"?>
<!-- Generated by org.testng.reporters.JUnitReportReporter -->
<testsuite hostname="Hemanths-MacBook-Air.local" failures="0" tests="5" name="com.sauceDemo.runner.TestRunner" time="16.995" errors="0" timestamp="2026-05-08T17:25:12 IST" skipped="0">
  <testcase classname="com.sauceDemo.runner.TestRunner" name="runScenario" time="3.285"/>
  <testcase classname="com.sauceDemo.runner.TestRunner" name="runScenario" time="3.618"/>
  <testcase classname="com.sauceDemo.runner.TestRunner" name="runScenario" time="3.162"/>
  <testcase classname="com.sauceDemo.runner.TestRunner" name="runScenario" time="3.328"/>
  <testcase classname="com.sauceDemo.runner.TestRunner" name="runScenario" time="3.602"/>
</testsuite> <!-- com.sauceDemo.runner.TestRunner -->
