<?xml version="1.0" encoding="UTF-8"?>
<!-- Generated by org.testng.reporters.JUnitReportReporter -->
<testsuite hostname="Hemanths-MacBook-Air.local" failures="0" tests="6" name="com.sauceDemo.runner.TestRunner" time="15.525" errors="0" timestamp="2026-05-18T10:26:48 IST" skipped="0">
  <testcase classname="com.sauceDemo.runner.TestRunner" name="runScenario" time="4.177"/>
  <testcase classname="com.sauceDemo.runner.TestRunner" name="runScenario" time="3.254"/>
  <testcase classname="com.sauceDemo.runner.TestRunner" name="runScenario" time="1.632"/>
  <testcase classname="com.sauceDemo.runner.TestRunner" name="runScenario" time="1.597"/>
  <testcase classname="com.sauceDemo.runner.TestRunner" name="runScenario" time="3.318"/>
  <testcase classname="com.sauceDemo.runner.TestRunner" name="runScenario" time="1.547"/>
</testsuite> <!-- com.sauceDemo.runner.TestRunner -->
