<?xml version="1.0" encoding="UTF-8"?>
<!-- Generated by org.testng.reporters.JUnitReportReporter -->
<testsuite hostname="Hemanths-MacBook-Air.local" failures="0" tests="3" name="com.sauceDemo.runner.TestRunner" time="10.625" errors="0" timestamp="2026-05-06T13:03:29 IST" skipped="0">
  <testcase classname="com.sauceDemo.runner.TestRunner" name="runScenario" time="3.538"/>
  <testcase classname="com.sauceDemo.runner.TestRunner" name="runScenario" time="3.542"/>
  <testcase classname="com.sauceDemo.runner.TestRunner" name="runScenario" time="3.545"/>
</testsuite> <!-- com.sauceDemo.runner.TestRunner -->
