<?xml version="1.0" encoding="UTF-8"?>
<!-- Generated by org.testng.reporters.JUnitReportReporter -->
<testsuite hostname="Hemanths-MacBook-Air.local" failures="0" tests="3" name="com.sauceDemo.runner.TestRunner" time="11.904" errors="1" timestamp="2026-05-07T19:18:32 IST" skipped="0">
  <testcase classname="com.sauceDemo.runner.TestRunner" name="runScenario" time="3.968"/>
  <testcase classname="com.sauceDemo.runner.TestRunner" name="runScenario" time="3.968"/>
  <testcase classname="com.sauceDemo.runner.TestRunner" name="runScenario" time="3.968">
    <error message="The step &#039;then user should see the error messag&#039; is undefined.
You can implement this step using the snippet(s) below:

@Then(&quot;then user should see the error messag&quot;)
public void then_user_should_see_the_error_messag() {
    // Write code here that turns the phrase above into concrete actions
    throw new io.cucumber.java.PendingException();
}
" type="io.cucumber.testng.UndefinedStepException">
      <![CDATA[io.cucumber.testng.UndefinedStepException: The step 'then user should see the error messag' is undefined.
You can implement this step using the snippet(s) below:

@Then("then user should see the error messag")
public void then_user_should_see_the_error_messag() {
    // Write code here that turns the phrase above into concrete actions
    throw new io.cucumber.java.PendingException();
}

at ✽.then user should see the error messag(file:///Users/hemanthkumar/eclipse-workspace/Selenium_FrameWork/Demo/src/test/resources/feature/login.feature:14)
]]>
    </error>
  </testcase> <!-- runScenario -->
</testsuite> <!-- com.sauceDemo.runner.TestRunner -->
